c:\users\rahim\desktop\ws2024-besy_g3_proj_khasukhanov_rakhim\memory-g3\memory-9\memory\debug\vc143.pdb
c:\users\rahim\desktop\ws2024-besy_g3_proj_khasukhanov_rakhim\memory-g3\memory-9\memory\debug\vc143.idb
c:\users\rahim\desktop\ws2024-besy_g3_proj_khasukhanov_rakhim\memory-g3\memory-9\memory\debug\main.obj
c:\users\rahim\desktop\ws2024-besy_g3_proj_khasukhanov_rakhim\memory-g3\memory-9\memory\debug\log.obj
c:\users\rahim\desktop\ws2024-besy_g3_proj_khasukhanov_rakhim\memory-g3\memory-9\memory\debug\loader.obj
c:\users\rahim\desktop\ws2024-besy_g3_proj_khasukhanov_rakhim\memory-g3\memory-9\memory\debug\executer.obj
c:\users\rahim\desktop\ws2024-besy_g3_proj_khasukhanov_rakhim\memory-g3\memory-9\memory\debug\dispatcher.obj
c:\users\rahim\desktop\ws2024-besy_g3_proj_khasukhanov_rakhim\memory-g3\memory-9\memory\debug\core.obj
c:\users\rahim\desktop\ws2024-besy_g3_proj_khasukhanov_rakhim\memory-g3\memory-9\memory\debug\memory_manager.obj
c:\users\rahim\desktop\ws2024-besy_g3_proj_khasukhanov_rakhim\memory-g3\memory-9\memory\debug\wait_queue.obj
c:\users\rahim\desktop\ws2024-besy_g3_proj_khasukhanov_rakhim\memory-g3\memory-9\debug\memory.exe
c:\users\rahim\desktop\ws2024-besy_g3_proj_khasukhanov_rakhim\memory-g3\memory-9\debug\memory.pdb
c:\users\rahim\desktop\ws2024-besy_g3_proj_khasukhanov_rakhim\memory-g3\memory-9\memory\debug\memory.ilk
c:\users\rahim\desktop\ws2024-besy_g3_proj_khasukhanov_rakhim\memory-g3\memory-9\memory\debug\memory.tlog\cl.command.1.tlog
c:\users\rahim\desktop\ws2024-besy_g3_proj_khasukhanov_rakhim\memory-g3\memory-9\memory\debug\memory.tlog\cl.items.tlog
c:\users\rahim\desktop\ws2024-besy_g3_proj_khasukhanov_rakhim\memory-g3\memory-9\memory\debug\memory.tlog\cl.read.1.tlog
c:\users\rahim\desktop\ws2024-besy_g3_proj_khasukhanov_rakhim\memory-g3\memory-9\memory\debug\memory.tlog\cl.write.1.tlog
c:\users\rahim\desktop\ws2024-besy_g3_proj_khasukhanov_rakhim\memory-g3\memory-9\memory\debug\memory.tlog\link.command.1.tlog
c:\users\rahim\desktop\ws2024-besy_g3_proj_khasukhanov_rakhim\memory-g3\memory-9\memory\debug\memory.tlog\link.read.1.tlog
c:\users\rahim\desktop\ws2024-besy_g3_proj_khasukhanov_rakhim\memory-g3\memory-9\memory\debug\memory.tlog\link.secondary.1.tlog
c:\users\rahim\desktop\ws2024-besy_g3_proj_khasukhanov_rakhim\memory-g3\memory-9\memory\debug\memory.tlog\link.write.1.tlog
